<?xml version="1.0" encoding="UTF-8"?>
<testng-results skipped="0" failed="0" ignored="0" total="2" passed="2">
  <reporter-output>
  </reporter-output>
  <suite name="Suite" duration-ms="45229" started-at="2018-02-26T13:32:59Z" finished-at="2018-02-26T13:33:44Z">
    <groups>
    </groups>
    <test name="LoginTest" duration-ms="14809" started-at="2018-02-26T13:32:59Z" finished-at="2018-02-26T13:33:14Z">
      <class name="com.wipro.mavenpro.AssignmentNew1.TC01_RegistrationandAddtoCart">
        <test-method status="PASS" signature="DriverIntiate(java.lang.String)[pri:0, instance:com.wipro.mavenpro.AssignmentNew1.TC01_RegistrationandAddtoCart@14bf9759]" name="DriverIntiate" is-config="true" duration-ms="5356" started-at="2018-02-26T19:02:59Z" finished-at="2018-02-26T19:03:04Z">
          <params>
            <param index="0">
              <value>
                <![CDATA[chrome]]>
              </value>
            </param>
          </params>
          <reporter-output>
          </reporter-output>
        </test-method> <!-- DriverIntiate -->
        <test-method status="PASS" signature="beforeClass()[pri:0, instance:com.wipro.mavenpro.AssignmentNew1.TC01_RegistrationandAddtoCart@14bf9759]" name="beforeClass" is-config="true" duration-ms="0" started-at="2018-02-26T19:03:04Z" finished-at="2018-02-26T19:03:04Z">
          <reporter-output>
          </reporter-output>
        </test-method> <!-- beforeClass -->
        <test-method status="PASS" signature="RegistrationandAddtoCart(java.util.Hashtable)[pri:0, instance:com.wipro.mavenpro.AssignmentNew1.TC01_RegistrationandAddtoCart@14bf9759]" name="RegistrationandAddtoCart" duration-ms="8772" started-at="2018-02-26T19:03:05Z" data-provider="CreateAccount" finished-at="2018-02-26T19:03:14Z">
          <params>
            <param index="0">
              <value>
                <![CDATA[{Postcode=500072, Company=wiphro, Email=User, Telephone=81029323, Password=work1, LastName=Aakash, RegionState=Funafuti, City=Hyderabad, FirstName=Raj, Address1=Attapur, Country=Tuvalu}]]>
              </value>
            </param>
          </params>
          <reporter-output>
          </reporter-output>
        </test-method> <!-- RegistrationandAddtoCart -->
      </class> <!-- com.wipro.mavenpro.AssignmentNew1.TC01_RegistrationandAddtoCart -->
    </test> <!-- LoginTest -->
    <test name="LoginTest2" duration-ms="45229" started-at="2018-02-26T13:32:59Z" finished-at="2018-02-26T13:33:44Z">
      <class name="com.wipro.mavenpro.AssignmentNew1.TC01_RegistrationandAddtoCart">
        <test-method status="PASS" signature="DriverIntiate(java.lang.String)[pri:0, instance:com.wipro.mavenpro.AssignmentNew1.TC01_RegistrationandAddtoCart@56ef9176]" name="DriverIntiate" is-config="true" duration-ms="7023" started-at="2018-02-26T19:02:59Z" finished-at="2018-02-26T19:03:06Z">
          <params>
            <param index="0">
              <value>
                <![CDATA[iexplorer]]>
              </value>
            </param>
          </params>
          <reporter-output>
          </reporter-output>
        </test-method> <!-- DriverIntiate -->
        <test-method status="PASS" signature="beforeClass()[pri:0, instance:com.wipro.mavenpro.AssignmentNew1.TC01_RegistrationandAddtoCart@56ef9176]" name="beforeClass" is-config="true" duration-ms="1" started-at="2018-02-26T19:03:06Z" finished-at="2018-02-26T19:03:06Z">
          <reporter-output>
          </reporter-output>
        </test-method> <!-- beforeClass -->
        <test-method status="PASS" signature="RegistrationandAddtoCart(java.util.Hashtable)[pri:0, instance:com.wipro.mavenpro.AssignmentNew1.TC01_RegistrationandAddtoCart@56ef9176]" name="RegistrationandAddtoCart" duration-ms="38154" started-at="2018-02-26T19:03:06Z" data-provider="CreateAccount" finished-at="2018-02-26T19:03:44Z">
          <params>
            <param index="0">
              <value>
                <![CDATA[{Postcode=500072, Company=wiphro, Email=User, Telephone=81029323, Password=work1, LastName=Aakash, RegionState=Funafuti, City=Hyderabad, FirstName=Raj, Address1=Attapur, Country=Tuvalu}]]>
              </value>
            </param>
          </params>
          <reporter-output>
          </reporter-output>
        </test-method> <!-- RegistrationandAddtoCart -->
        <test-method status="PASS" signature="ConClose()[pri:0, instance:com.wipro.mavenpro.AssignmentNew1.TC01_RegistrationandAddtoCart@56ef9176]" name="ConClose" is-config="true" duration-ms="30" started-at="2018-02-26T19:03:44Z" finished-at="2018-02-26T19:03:44Z">
          <reporter-output>
          </reporter-output>
        </test-method> <!-- ConClose -->
      </class> <!-- com.wipro.mavenpro.AssignmentNew1.TC01_RegistrationandAddtoCart -->
    </test> <!-- LoginTest2 -->
  </suite> <!-- Suite -->
</testng-results>
